{"D:\\github\\blogCode\\webpack\\webpack-builder\\lib\\webpack.base.js": {"path":"D:\\github\\blogCode\\webpack\\webpack-builder\\lib\\webpack.base.js","statementMap":{"0":{"start":{"line":1,"column":29},"end":{"line":1,"column":63}},"1":{"start":{"line":2,"column":21},"end":{"line":2,"column":44}},"2":{"start":{"line":3,"column":31},"end":{"line":3,"column":62}},"3":{"start":{"line":4,"column":13},"end":{"line":4,"column":28}},"4":{"start":{"line":5,"column":13},"end":{"line":5,"column":28}},"5":{"start":{"line":6,"column":26},"end":{"line":6,"column":56}},"6":{"start":{"line":7,"column":36},"end":{"line":7,"column":77}},"7":{"start":{"line":10,"column":13},"end":{"line":10,"column":26}},"8":{"start":{"line":12,"column":15},"end":{"line":46,"column":1}},"9":{"start":{"line":13,"column":18},"end":{"line":13,"column":20}},"10":{"start":{"line":14,"column":31},"end":{"line":14,"column":33}},"11":{"start":{"line":15,"column":23},"end":{"line":15,"column":69}},"12":{"start":{"line":17,"column":4},"end":{"line":40,"column":7}},"13":{"start":{"line":18,"column":26},"end":{"line":18,"column":43}},"14":{"start":{"line":20,"column":22},"end":{"line":20,"column":61}},"15":{"start":{"line":21,"column":25},"end":{"line":21,"column":42}},"16":{"start":{"line":23,"column":8},"end":{"line":23,"column":36}},"17":{"start":{"line":24,"column":8},"end":{"line":39,"column":10}},"18":{"start":{"line":42,"column":4},"end":{"line":45,"column":6}},"19":{"start":{"line":48,"column":38},"end":{"line":48,"column":46}},"20":{"start":{"line":50,"column":0},"end":{"line":120,"column":2}},"21":{"start":{"line":78,"column":43},"end":{"line":82,"column":29}}},"fnMap":{"0":{"name":"(anonymous_0)","decl":{"start":{"line":12,"column":15},"end":{"line":12,"column":16}},"loc":{"start":{"line":12,"column":21},"end":{"line":46,"column":1}},"line":12},"1":{"name":"(anonymous_1)","decl":{"start":{"line":17,"column":32},"end":{"line":17,"column":33}},"loc":{"start":{"line":17,"column":43},"end":{"line":40,"column":5}},"line":17},"2":{"name":"(anonymous_2)","decl":{"start":{"line":78,"column":37},"end":{"line":78,"column":38}},"loc":{"start":{"line":78,"column":43},"end":{"line":82,"column":29}},"line":78}},"branchMap":{"0":{"loc":{"start":{"line":21,"column":25},"end":{"line":21,"column":42}},"type":"binary-expr","locations":[{"start":{"line":21,"column":25},"end":{"line":21,"column":30}},{"start":{"line":21,"column":34},"end":{"line":21,"column":42}}],"line":21}},"s":{"0":1,"1":1,"2":1,"3":1,"4":1,"5":1,"6":1,"7":1,"8":1,"9":1,"10":1,"11":1,"12":1,"13":2,"14":2,"15":2,"16":2,"17":2,"18":1,"19":1,"20":1,"21":0},"f":{"0":1,"1":2,"2":0},"b":{"0":[2,2]},"_coverageSchema":"1a1c01bbd47fc00a2c39e90264f33305004495a9","hash":"f56df395cc87e30f9769fed5562c6c575c913f5e"}
,"D:\\github\\blogCode\\webpack\\webpack-builder\\lib\\webpack.dev.js": {"path":"D:\\github\\blogCode\\webpack\\webpack-builder\\lib\\webpack.dev.js","statementMap":{"0":{"start":{"line":1,"column":14},"end":{"line":1,"column":38}},"1":{"start":{"line":2,"column":16},"end":{"line":2,"column":34}},"2":{"start":{"line":3,"column":19},"end":{"line":3,"column":44}},"3":{"start":{"line":5,"column":18},"end":{"line":16,"column":1}},"4":{"start":{"line":18,"column":0},"end":{"line":18,"column":46}}},"fnMap":{},"branchMap":{},"s":{"0":0,"1":0,"2":0,"3":0,"4":0},"f":{},"b":{}}
,"D:\\github\\blogCode\\webpack\\webpack-builder\\lib\\webpack.prod.js": {"path":"D:\\github\\blogCode\\webpack\\webpack-builder\\lib\\webpack.prod.js","statementMap":{"0":{"start":{"line":1,"column":14},"end":{"line":1,"column":38}},"1":{"start":{"line":2,"column":16},"end":{"line":2,"column":34}},"2":{"start":{"line":3,"column":32},"end":{"line":3,"column":77}},"3":{"start":{"line":4,"column":35},"end":{"line":4,"column":75}},"4":{"start":{"line":5,"column":19},"end":{"line":5,"column":44}},"5":{"start":{"line":7,"column":19},"end":{"line":44,"column":1}},"6":{"start":{"line":46,"column":0},"end":{"line":46,"column":47}}},"fnMap":{},"branchMap":{},"s":{"0":0,"1":0,"2":0,"3":0,"4":0,"5":0,"6":0},"f":{},"b":{}}
,"D:\\github\\blogCode\\webpack\\webpack-builder\\lib\\webpack.ssr.js": {"path":"D:\\github\\blogCode\\webpack\\webpack-builder\\lib\\webpack.ssr.js","statementMap":{"0":{"start":{"line":1,"column":14},"end":{"line":1,"column":38}},"1":{"start":{"line":2,"column":16},"end":{"line":2,"column":34}},"2":{"start":{"line":3,"column":32},"end":{"line":3,"column":77}},"3":{"start":{"line":4,"column":35},"end":{"line":4,"column":75}},"4":{"start":{"line":5,"column":19},"end":{"line":5,"column":44}},"5":{"start":{"line":7,"column":18},"end":{"line":53,"column":1}},"6":{"start":{"line":55,"column":0},"end":{"line":55,"column":46}}},"fnMap":{},"branchMap":{},"s":{"0":0,"1":0,"2":0,"3":0,"4":0,"5":0,"6":0},"f":{},"b":{}}
}
